This is pdfTeX, Version 3.141592653-2.6-1.40.22 (TeX Live 2022/dev/Debian) (preloaded format=pdflatex 2025.1.21)  2 OCT 2025 20:28
entering extended mode
 \write18 enabled.
 %&-line parsing enabled.
**BasicCategoryTheory.tex
(./BasicCategoryTheory.tex
LaTeX2e <2021-11-15> patch level 1
L3 programming layer <2022-01-21> (./cambridge7A.cls

LaTeX Warning: You have requested document class `cambridge7a',
               but the document class provides `cambridge7A.cls'.

Document Class: cambridge7A.cls 2011/02/28, v3.00 gamma 
\AJW@indent=\dimen138
\AJW@floatindent=\dimen139
*** Using cambridge7A.cls, authored option [default] ***
\AJW@baseskip=\skip47
\AJW@theskip=\skip48
\AJW@measure=\dimen140
\AJW@headwidth=\dimen141
\apptmp=\count185
\@dotbox=\box50
\c@part=\count186
\c@chapter=\count187
\c@section=\count188
\c@subsection=\count189
\c@subsubsection=\count190
\c@paragraph=\count191
\c@subparagraph=\count192
\c@ex@bean=\count193
\tmp=\count194
\c@ex@beanbychapter=\count195
\c@prob@bean=\count196
\tmp=\count197
\c@prob@beanbychapter=\count198
\AJW@tocindent=\dimen142
\AJW@toclmarg=\dimen143
\bibindent=\dimen144
\@footindent=\skip49
\c@endnote=\count199
\endnotesep=\dimen145
\@enotes=\write3
\figcapindent=\skip50
\figcapwidth=\skip51
\@figbox=\box51
\AJW@floatwidth=\dimen146
\c@figure=\count266
\c@table=\count267
) (./macros.tex (/usr/share/texlive/texmf-dist/tex/latex/base/latexsym.sty
Package: latexsym 1998/08/17 v2.2e Standard LaTeX package (lasy symbols)
\symlasy=\mathgroup4
LaTeX Font Info:    Overwriting symbol font `lasy' in version `bold'
(Font)                  U/lasy/m/n --> U/lasy/b/n on input line 52.
)
(/usr/share/texlive/texmf-dist/tex/latex/amsfonts/amssymb.sty
Package: amssymb 2013/01/14 v3.01 AMS font symbols

(/usr/share/texlive/texmf-dist/tex/latex/amsfonts/amsfonts.sty
Package: amsfonts 2013/01/14 v3.01 Basic AMSFonts support
\@emptytoks=\toks16
\symAMSa=\mathgroup5
\symAMSb=\mathgroup6
LaTeX Font Info:    Redeclaring math symbol \hbar on input line 98.
LaTeX Font Info:    Overwriting math alphabet `\mathfrak' in version `bold'
(Font)                  U/euf/m/n --> U/euf/b/n on input line 106.
))
(/usr/share/texlive/texmf-dist/tex/latex/amsmath/amsmath.sty
Package: amsmath 2021/10/15 v2.17l AMS math features
\@mathmargin=\skip52

For additional information on amsmath, use the `?' option.
(/usr/share/texlive/texmf-dist/tex/latex/amsmath/amstext.sty
Package: amstext 2021/08/26 v2.01 AMS text

(/usr/share/texlive/texmf-dist/tex/latex/amsmath/amsgen.sty
File: amsgen.sty 1999/11/30 v2.0 generic functions
\@emptytoks=\toks17
\ex@=\dimen147
))
(/usr/share/texlive/texmf-dist/tex/latex/amsmath/amsbsy.sty
Package: amsbsy 1999/11/29 v1.2d Bold Symbols
\pmbraise@=\dimen148
)
(/usr/share/texlive/texmf-dist/tex/latex/amsmath/amsopn.sty
Package: amsopn 2021/08/26 v2.02 operator names
)
\inf@bad=\count268
LaTeX Info: Redefining \frac on input line 234.
\uproot@=\count269
\leftroot@=\count270
LaTeX Info: Redefining \overline on input line 399.
\classnum@=\count271
\DOTSCASE@=\count272
LaTeX Info: Redefining \ldots on input line 496.
LaTeX Info: Redefining \dots on input line 499.
LaTeX Info: Redefining \cdots on input line 620.
\Mathstrutbox@=\box52
\strutbox@=\box53
\big@size=\dimen149
LaTeX Font Info:    Redeclaring font encoding OML on input line 743.
LaTeX Font Info:    Redeclaring font encoding OMS on input line 744.
\macc@depth=\count273
\c@MaxMatrixCols=\count274
\dotsspace@=\muskip16
\c@parentequation=\count275
\dspbrk@lvl=\count276
\tag@help=\toks18
\row@=\count277
\column@=\count278
\maxfields@=\count279
\andhelp@=\toks19
\eqnshift@=\dimen150
\alignsep@=\dimen151
\tagshift@=\dimen152
\tagwidth@=\dimen153
\totwidth@=\dimen154
\lineht@=\dimen155
\@envbody=\toks20
\multlinegap=\skip53
\multlinetaggap=\skip54
\mathdisplay@stack=\toks21
LaTeX Info: Redefining \[ on input line 2938.
LaTeX Info: Redefining \] on input line 2939.
)
(/usr/share/texlive/texmf-dist/tex/latex/bbm-macros/bbm.sty
Package: bbm 1999/03/15 V 1.2 provides fonts for set symbols - TH
LaTeX Font Info:    Overwriting math alphabet `\mathbbm' in version `bold'
(Font)                  U/bbm/m/n --> U/bbm/bx/n on input line 33.
LaTeX Font Info:    Overwriting math alphabet `\mathbbmss' in version `bold'
(Font)                  U/bbmss/m/n --> U/bbmss/bx/n on input line 35.
)
(/usr/share/texlive/texmf-dist/tex/latex/jknapltx/mathrsfs.sty
Package: mathrsfs 1996/01/01 Math RSFS package v1.0 (jk)
\symrsfs=\mathgroup7
)
(/usr/share/texlive/texmf-dist/tex/latex/graphics/graphicx.sty
Package: graphicx 2021/09/16 v1.2d Enhanced LaTeX Graphics (DPC,SPQR)

(/usr/share/texlive/texmf-dist/tex/latex/graphics/keyval.sty
Package: keyval 2014/10/28 v1.15 key=value parser (DPC)
\KV@toks@=\toks22
)
(/usr/share/texlive/texmf-dist/tex/latex/graphics/graphics.sty
Package: graphics 2021/03/04 v1.4d Standard LaTeX Graphics (DPC,SPQR)

(/usr/share/texlive/texmf-dist/tex/latex/graphics/trig.sty
Package: trig 2021/08/11 v1.11 sin cos tan (DPC)
)
(/usr/share/texlive/texmf-dist/tex/latex/graphics-cfg/graphics.cfg
File: graphics.cfg 2016/06/04 v1.11 sample graphics configuration
)
Package graphics Info: Driver file: pdftex.def on input line 107.

(/usr/share/texlive/texmf-dist/tex/latex/graphics-def/pdftex.def
File: pdftex.def 2020/10/05 v1.2a Graphics/color driver for pdftex
))
\Gin@req@height=\dimen156
\Gin@req@width=\dimen157
)
(/usr/share/texlive/texmf-dist/tex/latex/graphics/color.sty
Package: color 2021/12/07 v1.3c Standard LaTeX Color (DPC)

(/usr/share/texlive/texmf-dist/tex/latex/graphics-cfg/color.cfg
File: color.cfg 2016/01/02 v1.6 sample color configuration
)
Package color Info: Driver file: pdftex.def on input line 149.
)
(/usr/share/texlive/texmf-dist/tex/latex/tools/multicol.sty
Package: multicol 2021/10/28 v1.9b multicolumn formatting (FMi)
\c@tracingmulticols=\count280
\mult@box=\box54
\multicol@leftmargin=\dimen158
\c@unbalance=\count281
\c@collectmore=\count282
\doublecol@number=\count283
\multicoltolerance=\count284
\multicolpretolerance=\count285
\full@width=\dimen159
\page@free=\dimen160
\premulticols=\dimen161
\postmulticols=\dimen162
\multicolsep=\skip55
\multicolbaselineskip=\skip56
\partial@page=\box55
\last@line=\box56
\maxbalancingoverflow=\dimen163
\mult@rightbox=\box57
\mult@grightbox=\box58
\mult@firstbox=\box59
\mult@gfirstbox=\box60
\@tempa=\box61
\@tempa=\box62
\@tempa=\box63
\@tempa=\box64
\@tempa=\box65
\@tempa=\box66
\@tempa=\box67
\@tempa=\box68
\@tempa=\box69
\@tempa=\box70
\@tempa=\box71
\@tempa=\box72
\@tempa=\box73
\@tempa=\box74
\@tempa=\box75
\@tempa=\box76
\@tempa=\box77
\@tempa=\box78
\@tempa=\box79
\@tempa=\box80
\@tempa=\box81
\@tempa=\box82
\@tempa=\box83
\@tempa=\box84
\@tempa=\box85
\@tempa=\box86
\@tempa=\box87
\@tempa=\box88
\@tempa=\box89
\@tempa=\box90
\@tempa=\box91
\@tempa=\box92
\@tempa=\box93
\@tempa=\box94
\@tempa=\box95
\@tempa=\box96
\c@minrows=\count286
\c@columnbadness=\count287
\c@finalcolumnbadness=\count288
\last@try=\dimen164
\multicolovershoot=\dimen165
\multicolundershoot=\dimen166
\mult@nat@firstbox=\box97
\colbreak@box=\box98
\mc@col@check@num=\count289
)
(/usr/share/texlive/texmf-dist/tex/latex/txfonts/txfonts.sty
Package: txfonts 2008/01/22 v3.2.1
LaTeX Font Info:    Redeclaring symbol font `operators' on input line 21.
LaTeX Font Info:    Overwriting symbol font `operators' in version `normal'
(Font)                  OT1/cmr/m/n --> OT1/txr/m/n on input line 21.
LaTeX Font Info:    Overwriting symbol font `operators' in version `bold'
(Font)                  OT1/cmr/bx/n --> OT1/txr/m/n on input line 21.
LaTeX Font Info:    Overwriting symbol font `operators' in version `bold'
(Font)                  OT1/txr/m/n --> OT1/txr/bx/n on input line 22.
\symitalic=\mathgroup8
LaTeX Font Info:    Overwriting symbol font `italic' in version `bold'
(Font)                  OT1/txr/m/it --> OT1/txr/bx/it on input line 26.
LaTeX Font Info:    Redeclaring math alphabet \mathbf on input line 29.
LaTeX Font Info:    Overwriting math alphabet `\mathbf' in version `normal'
(Font)                  OT1/cmr/bx/n --> OT1/txr/bx/n on input line 29.
LaTeX Font Info:    Overwriting math alphabet `\mathbf' in version `bold'
(Font)                  OT1/cmr/bx/n --> OT1/txr/bx/n on input line 29.
LaTeX Font Info:    Redeclaring math alphabet \mathit on input line 30.
LaTeX Font Info:    Overwriting math alphabet `\mathit' in version `normal'
(Font)                  OT1/cmr/m/it --> OT1/txr/m/it on input line 30.
LaTeX Font Info:    Overwriting math alphabet `\mathit' in version `bold'
(Font)                  OT1/cmr/bx/it --> OT1/txr/m/it on input line 30.
LaTeX Font Info:    Overwriting math alphabet `\mathit' in version `bold'
(Font)                  OT1/txr/m/it --> OT1/txr/bx/it on input line 31.
LaTeX Font Info:    Redeclaring math alphabet \mathsf on input line 40.
LaTeX Font Info:    Overwriting math alphabet `\mathsf' in version `normal'
(Font)                  OT1/cmss/m/n --> OT1/txss/m/n on input line 40.
LaTeX Font Info:    Overwriting math alphabet `\mathsf' in version `bold'
(Font)                  OT1/cmss/bx/n --> OT1/txss/m/n on input line 40.
LaTeX Font Info:    Overwriting math alphabet `\mathsf' in version `bold'
(Font)                  OT1/txss/m/n --> OT1/txss/b/n on input line 41.
LaTeX Font Info:    Redeclaring math alphabet \mathtt on input line 50.
LaTeX Font Info:    Overwriting math alphabet `\mathtt' in version `normal'
(Font)                  OT1/cmtt/m/n --> OT1/txtt/m/n on input line 50.
LaTeX Font Info:    Overwriting math alphabet `\mathtt' in version `bold'
(Font)                  OT1/cmtt/m/n --> OT1/txtt/m/n on input line 50.
LaTeX Font Info:    Overwriting math alphabet `\mathtt' in version `bold'
(Font)                  OT1/txtt/m/n --> OT1/txtt/b/n on input line 51.
LaTeX Font Info:    Redeclaring symbol font `letters' on input line 58.
LaTeX Font Info:    Overwriting symbol font `letters' in version `normal'
(Font)                  OML/cmm/m/it --> OML/txmi/m/it on input line 58.
LaTeX Font Info:    Overwriting symbol font `letters' in version `bold'
(Font)                  OML/cmm/b/it --> OML/txmi/m/it on input line 58.
LaTeX Font Info:    Overwriting symbol font `letters' in version `bold'
(Font)                  OML/txmi/m/it --> OML/txmi/bx/it on input line 59.
\symlettersA=\mathgroup9
LaTeX Font Info:    Overwriting symbol font `lettersA' in version `bold'
(Font)                  U/txmia/m/it --> U/txmia/bx/it on input line 67.
LaTeX Font Info:    Redeclaring math alphabet \mathfrak on input line 70.
LaTeX Font Info:    Redeclaring symbol font `symbols' on input line 77.
LaTeX Font Info:    Overwriting symbol font `symbols' in version `normal'
(Font)                  OMS/cmsy/m/n --> OMS/txsy/m/n on input line 77.
LaTeX Font Info:    Overwriting symbol font `symbols' in version `bold'
(Font)                  OMS/cmsy/b/n --> OMS/txsy/m/n on input line 77.
LaTeX Font Info:    Overwriting symbol font `symbols' in version `bold'
(Font)                  OMS/txsy/m/n --> OMS/txsy/bx/n on input line 78.
LaTeX Font Info:    Redeclaring symbol font `AMSa' on input line 93.
LaTeX Font Info:    Overwriting symbol font `AMSa' in version `normal'
(Font)                  U/msa/m/n --> U/txsya/m/n on input line 93.
LaTeX Font Info:    Overwriting symbol font `AMSa' in version `bold'
(Font)                  U/msa/m/n --> U/txsya/m/n on input line 93.
LaTeX Font Info:    Overwriting symbol font `AMSa' in version `bold'
(Font)                  U/txsya/m/n --> U/txsya/bx/n on input line 94.
LaTeX Font Info:    Redeclaring symbol font `AMSb' on input line 102.
LaTeX Font Info:    Overwriting symbol font `AMSb' in version `normal'
(Font)                  U/msb/m/n --> U/txsyb/m/n on input line 102.
LaTeX Font Info:    Overwriting symbol font `AMSb' in version `bold'
(Font)                  U/msb/m/n --> U/txsyb/m/n on input line 102.
LaTeX Font Info:    Overwriting symbol font `AMSb' in version `bold'
(Font)                  U/txsyb/m/n --> U/txsyb/bx/n on input line 103.
\symsymbolsC=\mathgroup10
LaTeX Font Info:    Overwriting symbol font `symbolsC' in version `bold'
(Font)                  U/txsyc/m/n --> U/txsyc/bx/n on input line 113.
LaTeX Font Info:    Redeclaring symbol font `largesymbols' on input line 120.
LaTeX Font Info:    Overwriting symbol font `largesymbols' in version `normal'
(Font)                  OMX/cmex/m/n --> OMX/txex/m/n on input line 120.
LaTeX Font Info:    Overwriting symbol font `largesymbols' in version `bold'
(Font)                  OMX/cmex/m/n --> OMX/txex/m/n on input line 120.
LaTeX Font Info:    Overwriting symbol font `largesymbols' in version `bold'
(Font)                  OMX/txex/m/n --> OMX/txex/bx/n on input line 121.
\symlargesymbolsA=\mathgroup11
LaTeX Font Info:    Overwriting symbol font `largesymbolsA' in version `bold'
(Font)                  U/txexa/m/n --> U/txexa/bx/n on input line 129.
LaTeX Font Info:    Redeclaring math symbol \mathsterling on input line 164.
LaTeX Info: Redefining \not on input line 1043.
)
(/usr/share/texlive/texmf-dist/tex/latex/url/url.sty
\Urlmuskip=\muskip17
Package: url 2013/09/16  ver 3.4  Verb mode for urls, etc.
)
(/usr/share/texlive/texmf-dist/tex/latex/base/makeidx.sty
Package: makeidx 2021/10/04 v1.0m Standard LaTeX package
)
\@indexfile=\write4
\openout4 = `BasicCategoryTheory.idx'.


Writing index file BasicCategoryTheory.idx
(/usr/share/texlive/texmf-dist/tex/generic/xypic/xy.sty
(/usr/share/texlive/texmf-dist/tex/generic/xypic/xy.tex Bootstrap'ing:
catcodes, docmode, (/usr/share/texlive/texmf-dist/tex/generic/xypic/xyrecat.tex
) (/usr/share/texlive/texmf-dist/tex/generic/xypic/xyidioms.tex)

 Xy-pic version 3.8.9 <2013/10/06>
 Copyright (c) 1991-2013 by Kristoffer H. Rose <krisrose@tug.org> and others
 Xy-pic is free software: see the User's Guide for details.

Loading kernel: messages; fonts; allocations: state,
\X@c=\dimen167
\Y@c=\dimen168
\U@c=\dimen169
\D@c=\dimen170
\L@c=\dimen171
\R@c=\dimen172
\Edge@c=\toks23
\X@p=\dimen173
\Y@p=\dimen174
\U@p=\dimen175
\D@p=\dimen176
\L@p=\dimen177
\R@p=\dimen178
\Edge@p=\toks24
\X@origin=\dimen179
\Y@origin=\dimen180
\X@xbase=\dimen181
\Y@xbase=\dimen182
\X@ybase=\dimen183
\Y@ybase=\dimen184
\X@min=\dimen185
\Y@min=\dimen186
\X@max=\dimen187
\Y@max=\dimen188
\lastobjectbox@=\box99
\zerodotbox@=\box100
\almostz@=\dimen189
 direction,
\d@X=\dimen190
\d@Y=\dimen191
\K@=\count290
\KK@=\count291
\Direction=\count292
\K@dXdY=\dimen192
\K@dYdX=\dimen193
\xyread@=\read2
\xywrite@=\write5
\csp@=\count293
\quotPTK@=\dimen194

utility macros; pictures: \xy, positions,
\swaptoks@@=\toks25
\connectobjectbox@@=\box101
 objects,
\styletoks@=\toks26
 decorations;
kernel objects: directionals, circles, text; options; algorithms: directions,
edges, connections;  Xy-pic loaded)
(/usr/share/texlive/texmf-dist/tex/generic/iftex/ifpdf.sty
Package: ifpdf 2019/10/25 v3.4 ifpdf legacy package. Use iftex instead.

(/usr/share/texlive/texmf-dist/tex/generic/iftex/iftex.sty
Package: iftex 2020/03/06 v1.0d TeX engine tests
))
Package: xy 2013/10/06 Xy-pic version 3.8.9

(/usr/share/texlive/texmf-dist/tex/generic/xypic/xyall.tex
 Xy-pic option: All features v.3.8
(/usr/share/texlive/texmf-dist/tex/generic/xypic/xycurve.tex
 Xy-pic option: Curve and Spline extension v.3.12 curve,
\crv@cnt@=\count294
\crvpts@=\toks27
\splinebox@=\box102
\splineval@=\dimen195
\splinedepth@=\dimen196
\splinetol@=\dimen197
\splinelength@=\dimen198
 circles,
\L@=\dimen199
 loaded)
(/usr/share/texlive/texmf-dist/tex/generic/xypic/xyframe.tex
 Xy-pic option: Frame and Bracket extension v.3.14 loaded)
(/usr/share/texlive/texmf-dist/tex/generic/xypic/xycmtip.tex
 Xy-pic option: Computer Modern tip extension v.3.7
(/usr/share/texlive/texmf-dist/tex/generic/xypic/xytips.tex
 Xy-pic option: More Tips extension v.3.11 loaded) loaded)
(/usr/share/texlive/texmf-dist/tex/generic/xypic/xyline.tex
 Xy-pic option: Line styles extension v.3.10
\xylinethick@=\dimen256
 loaded)
(/usr/share/texlive/texmf-dist/tex/generic/xypic/xyrotate.tex
 Xy-pic option: Rotate and Scale extension v.3.8 loaded)
(/usr/share/texlive/texmf-dist/tex/generic/xypic/xycolor.tex
 Xy-pic option: Colour extension v.3.11 loaded)
(/usr/share/texlive/texmf-dist/tex/generic/xypic/xymatrix.tex
 Xy-pic option: Matrix feature v.3.14
\Row=\count295
\Col=\count296
\queue@=\toks28
\queue@@=\toks29
\qcount@=\count297
\qcount@@=\count298
\matrixsize@=\count299
 loaded)
(/usr/share/texlive/texmf-dist/tex/generic/xypic/xyarrow.tex
 Xy-pic option: Arrow and Path feature v.3.9 path, \ar, loaded)
(/usr/share/texlive/texmf-dist/tex/generic/xypic/xygraph.tex
 Xy-pic option: Graph feature v.3.11 loaded) loaded)
(/usr/share/texlive/texmf-dist/tex/generic/xypic/xy2cell.tex
 Xy-pic option: Two-cell feature v.3.7 two-cells, loaded)
(/usr/share/texlive/texmf-dist/tex/generic/xypic/xypdf.tex
 Xy-pic option: PDF driver v.1.7 Xy-pic pdf driver: `color' extension support
(/usr/share/texlive/texmf-dist/tex/generic/xypic/xypdf-co.tex loaded)
Xy-pic pdf driver: `curve' extension support
(/usr/share/texlive/texmf-dist/tex/generic/xypic/xypdf-cu.tex loaded)
Xy-pic pdf driver: `frame' extension support
(/usr/share/texlive/texmf-dist/tex/generic/xypic/xypdf-fr.tex loaded)
Xy-pic pdf driver: `line' extension support
(/usr/share/texlive/texmf-dist/tex/generic/xypic/xypdf-li.tex loaded)
Xy-pic pdf driver: `rotate' extension support
(/usr/share/texlive/texmf-dist/tex/generic/xypic/xypdf-ro.tex loaded) loaded))
(/usr/share/texlive/texmf-dist/tex/generic/xypic/xyarc.tex
 Xy-pic option: Circle, Ellipse, Arc feature v.3.8 circles, ellipses,
elliptical arcs, loaded)
(/usr/share/texlive/texmf-dist/tex/generic/xypic/xyrotate.tex
 Xy-pic option: Rotate and Scale extension v.3.8 not reloaded)
(/usr/share/texlive/texmf-dist/tex/latex/hyperref/hyperref.sty
Package: hyperref 2021-06-07 v7.00m Hypertext links for LaTeX

(/usr/share/texlive/texmf-dist/tex/generic/ltxcmds/ltxcmds.sty
Package: ltxcmds 2020-05-10 v1.25 LaTeX kernel commands for general use (HO)
)
(/usr/share/texlive/texmf-dist/tex/generic/pdftexcmds/pdftexcmds.sty
Package: pdftexcmds 2020-06-27 v0.33 Utility functions of pdfTeX for LuaTeX (HO
)

(/usr/share/texlive/texmf-dist/tex/generic/infwarerr/infwarerr.sty
Package: infwarerr 2019/12/03 v1.5 Providing info/warning/error messages (HO)
)
Package pdftexcmds Info: \pdf@primitive is available.
Package pdftexcmds Info: \pdf@ifprimitive is available.
Package pdftexcmds Info: \pdfdraftmode found.
)
(/usr/share/texlive/texmf-dist/tex/generic/kvsetkeys/kvsetkeys.sty
Package: kvsetkeys 2019/12/15 v1.18 Key value parser (HO)
)
(/usr/share/texlive/texmf-dist/tex/generic/kvdefinekeys/kvdefinekeys.sty
Package: kvdefinekeys 2019-12-19 v1.6 Define keys (HO)
)
(/usr/share/texlive/texmf-dist/tex/generic/pdfescape/pdfescape.sty
Package: pdfescape 2019/12/09 v1.15 Implements pdfTeX's escape features (HO)
)
(/usr/share/texlive/texmf-dist/tex/latex/hycolor/hycolor.sty
Package: hycolor 2020-01-27 v1.10 Color options for hyperref/bookmark (HO)
)
(/usr/share/texlive/texmf-dist/tex/latex/letltxmacro/letltxmacro.sty
Package: letltxmacro 2019/12/03 v1.6 Let assignment for LaTeX macros (HO)
)
(/usr/share/texlive/texmf-dist/tex/latex/auxhook/auxhook.sty
Package: auxhook 2019-12-17 v1.6 Hooks for auxiliary files (HO)
)
(/usr/share/texlive/texmf-dist/tex/latex/kvoptions/kvoptions.sty
Package: kvoptions 2020-10-07 v3.14 Key value format for package options (HO)
)
\@linkdim=\dimen257
\Hy@linkcounter=\count300
\Hy@pagecounter=\count301

(/usr/share/texlive/texmf-dist/tex/latex/hyperref/pd1enc.def
File: pd1enc.def 2021-06-07 v7.00m Hyperref: PDFDocEncoding definition (HO)
Now handling font encoding PD1 ...
... no UTF-8 mapping file for font encoding PD1
)
(/usr/share/texlive/texmf-dist/tex/latex/hyperref/hyperref-langpatches.def
File: hyperref-langpatches.def 2021-06-07 v7.00m Hyperref: patches for babel la
nguages
)
(/usr/share/texlive/texmf-dist/tex/generic/intcalc/intcalc.sty
Package: intcalc 2019/12/15 v1.3 Expandable calculations with integers (HO)
)
(/usr/share/texlive/texmf-dist/tex/generic/etexcmds/etexcmds.sty
Package: etexcmds 2019/12/15 v1.7 Avoid name clashes with e-TeX commands (HO)
)
\Hy@SavedSpaceFactor=\count302

(/usr/share/texlive/texmf-dist/tex/latex/hyperref/puenc.def
File: puenc.def 2021-06-07 v7.00m Hyperref: PDF Unicode definition (HO)
Now handling font encoding PU ...
... no UTF-8 mapping file for font encoding PU
)
Package hyperref Info: Hyper figures OFF on input line 4192.
Package hyperref Info: Link nesting OFF on input line 4197.
Package hyperref Info: Hyper index ON on input line 4200.
Package hyperref Info: Plain pages OFF on input line 4207.
Package hyperref Info: Backreferencing OFF on input line 4212.
Package hyperref Info: Implicit mode ON; LaTeX internals redefined.
Package hyperref Info: Bookmarks ON on input line 4445.
\c@Hy@tempcnt=\count303
LaTeX Info: Redefining \url on input line 4804.
\XeTeXLinkMargin=\dimen258

(/usr/share/texlive/texmf-dist/tex/generic/bitset/bitset.sty
Package: bitset 2019/12/09 v1.3 Handle bit-vector datatype (HO)

(/usr/share/texlive/texmf-dist/tex/generic/bigintcalc/bigintcalc.sty
Package: bigintcalc 2019/12/15 v1.5 Expandable calculations on big integers (HO
)
))
\Fld@menulength=\count304
\Field@Width=\dimen259
\Fld@charsize=\dimen260
Package hyperref Info: Hyper figures OFF on input line 6076.
Package hyperref Info: Link nesting OFF on input line 6081.
Package hyperref Info: Hyper index ON on input line 6084.
Package hyperref Info: backreferencing OFF on input line 6091.
Package hyperref Info: Link coloring OFF on input line 6096.
Package hyperref Info: Link coloring with OCG OFF on input line 6101.
Package hyperref Info: PDF/A mode OFF on input line 6106.
LaTeX Info: Redefining \ref on input line 6146.
LaTeX Info: Redefining \pageref on input line 6150.

(/usr/share/texlive/texmf-dist/tex/latex/base/atbegshi-ltx.sty
Package: atbegshi-ltx 2021/01/10 v1.0c Emulation of the original atbegshi
package with kernel methods
)
\Hy@abspage=\count305
\c@Item=\count306
\c@Hfootnote=\count307
)
Package hyperref Info: Driver (autodetected): hpdftex.

(/usr/share/texlive/texmf-dist/tex/latex/hyperref/hpdftex.def
File: hpdftex.def 2021-06-07 v7.00m Hyperref driver for pdfTeX

(/usr/share/texlive/texmf-dist/tex/latex/base/atveryend-ltx.sty
Package: atveryend-ltx 2020/08/19 v1.0a Emulation of the original atveryend pac
kage
with kernel methods
)
\Fld@listcount=\count308
\c@bookmark@seq@number=\count309

(/usr/share/texlive/texmf-dist/tex/latex/rerunfilecheck/rerunfilecheck.sty
Package: rerunfilecheck 2019/12/05 v1.9 Rerun checks for auxiliary files (HO)

(/usr/share/texlive/texmf-dist/tex/generic/uniquecounter/uniquecounter.sty
Package: uniquecounter 2019/12/15 v1.4 Provide unlimited unique counter (HO)
)
Package uniquecounter Info: New unique counter `rerunfilecheck' on input line 2
86.
)
\Hy@SectionHShift=\skip57
)
Package hyperref Info: Option `colorlinks' set `true' on input line 37.
Package hyperref Info: Option `breaklinks' set `true' on input line 37.
)
(./theoremenvts.tex
(/usr/share/texlive/texmf-dist/tex/latex/ntheorem/ntheorem.sty
Style `ntheorem', Version 1.33 <2011/08/15>
Package: ntheorem 2011/08/15 1.33
(/usr/share/texlive/texmf-dist/tex/latex/base/ifthen.sty
Package: ifthen 2020/11/24 v1.1c Standard LaTeX ifthen package (DPC)
)
\theorem@style=\toks30
\theorem@@style=\toks31
\theorembodyfont=\toks32
\theoremnumbering=\toks33
\theorempreskipamount=\skip58
\theorempostskipamount=\skip59
\theoremframepreskipamount=\skip60
\theoremframepostskipamount=\skip61
\theoreminframepreskipamount=\skip62
\theoreminframepostskipamount=\skip63
\theorem@preskip=\toks34
\theorem@postskip=\toks35
\theorem@framepreskip=\toks36
\theorem@framepostskip=\toks37
\theorem@inframepreskip=\toks38
\theorem@inframepostskip=\toks39
\theoremindent=\dimen261
\theorem@indent=\dimen262
\theoremrightindent=\dimen263
\theorem@rightindent=\dimen264
\theoremheaderfont=\toks40
\theoremseparator=\toks41
\theoremprework=\toks42
\theorempostwork=\toks43
\theoremsymbol=\toks44
\qedsymbol=\toks45
\theoremkeyword=\toks46
\qedsymbol=\toks47
\thm@topsep=\skip64
\thm@topsepadd=\skip65
Package ntheorem Info: Option `thmmarks' loaded on input line 1175.
\c@endNonectr=\count310
\c@currNonectr=\count311
\mysavskip=\skip66
Package ntheorem Info: option `amsmath' handling for `thmmarks' loaded on input
 line 1175.
\thm@amstmpdepth=\dimen265
\tagwidth=\dimen266
)
\c@currthmctr=\count312
\c@endthmctr=\count313
\c@thm=\count314
\c@currpropnctr=\count315
\c@endpropnctr=\count316
\c@currlemmactr=\count317
\c@endlemmactr=\count318
\c@currcorctr=\count319
\c@endcorctr=\count320
\c@currilemmactr=\count321
\c@endilemmactr=\count322
\c@ilemma=\count323
\c@curralemmactr=\count324
\c@endalemmactr=\count325
\c@alemma=\count326
\c@currdefnctr=\count327
\c@enddefnctr=\count328
\c@currexamplectr=\count329
\c@endexamplectr=\count330
\c@currexamplesctr=\count331
\c@endexamplesctr=\count332
\c@currremarkctr=\count333
\c@endremarkctr=\count334
\c@currremarksctr=\count335
\c@endremarksctr=\count336
\c@currwarningctr=\count337
\c@endwarningctr=\count338
\c@currnotnctr=\count339
\c@endnotnctr=\count340
\c@currconstnctr=\count341
\c@endconstnctr=\count342
\c@currquestionctr=\count343
\c@endquestionctr=\count344
\c@curriexamplectr=\count345
\c@endiexamplectr=\count346
\c@curriquestionctr=\count347
\c@endiquestionctr=\count348
\c@curraquestionctr=\count349
\c@endaquestionctr=\count350
\c@currpfctr=\count351
\c@endpfctr=\count352
\c@pf=\count353
\c@currpfoftheoremctr=\count354
\c@endpfoftheoremctr=\count355
\c@pfoftheorem=\count356
)
LaTeX Font Info:    Trying to load font information for OT1+txr on input line 1
8.

(/usr/share/texlive/texmf-dist/tex/latex/txfonts/ot1txr.fd
File: ot1txr.fd 2000/12/15 v3.1
)
(/usr/share/texlive/texmf-dist/tex/latex/l3backend/l3backend-pdftex.def
File: l3backend-pdftex.def 2022-01-12 L3 backend support: PDF output (pdfTeX)
\l__color_backend_stack_int=\count357
\l__pdf_internal_box=\box103
)
(./BasicCategoryTheory.aux (./cfnt.aux) (./adj.aux) (./rep.aux))
\openout1 = `BasicCategoryTheory.aux'.

LaTeX Font Info:    Checking defaults for OML/txmi/m/it on input line 18.
LaTeX Font Info:    Trying to load font information for OML+txmi on input line 
18.

(/usr/share/texlive/texmf-dist/tex/latex/txfonts/omltxmi.fd
File: omltxmi.fd 2000/12/15 v3.1
)
LaTeX Font Info:    ... okay on input line 18.
LaTeX Font Info:    Checking defaults for OMS/txsy/m/n on input line 18.
LaTeX Font Info:    Trying to load font information for OMS+txsy on input line 
18.

(/usr/share/texlive/texmf-dist/tex/latex/txfonts/omstxsy.fd
File: omstxsy.fd 2000/12/15 v3.1
)
LaTeX Font Info:    ... okay on input line 18.
LaTeX Font Info:    Checking defaults for OT1/cmr/m/n on input line 18.
LaTeX Font Info:    ... okay on input line 18.
LaTeX Font Info:    Checking defaults for T1/cmr/m/n on input line 18.
LaTeX Font Info:    ... okay on input line 18.
LaTeX Font Info:    Checking defaults for TS1/cmr/m/n on input line 18.
LaTeX Font Info:    ... okay on input line 18.
LaTeX Font Info:    Checking defaults for OMX/txex/m/n on input line 18.
LaTeX Font Info:    Trying to load font information for OMX+txex on input line 
18.

(/usr/share/texlive/texmf-dist/tex/latex/txfonts/omxtxex.fd
File: omxtxex.fd 2000/12/15 v3.1
)
LaTeX Font Info:    ... okay on input line 18.
LaTeX Font Info:    Checking defaults for U/txexa/m/n on input line 18.
LaTeX Font Info:    Trying to load font information for U+txexa on input line 1
8.

(/usr/share/texlive/texmf-dist/tex/latex/txfonts/utxexa.fd
File: utxexa.fd 2000/12/15 v3.1
)
LaTeX Font Info:    ... okay on input line 18.
LaTeX Font Info:    Checking defaults for PD1/pdf/m/n on input line 18.
LaTeX Font Info:    ... okay on input line 18.
LaTeX Font Info:    Checking defaults for PU/pdf/m/n on input line 18.
LaTeX Font Info:    ... okay on input line 18.

(/usr/share/texlive/texmf-dist/tex/context/base/mkii/supp-pdf.mkii
[Loading MPS to PDF converter (version 2006.09.02).]
\scratchcounter=\count358
\scratchdimen=\dimen267
\scratchbox=\box104
\nofMPsegments=\count359
\nofMParguments=\count360
\everyMPshowfont=\toks48
\MPscratchCnt=\count361
\MPscratchDim=\dimen268
\MPnumerator=\count362
\makeMPintoPDFobject=\count363
\everyMPtoPDFconversion=\toks49
) (/usr/share/texlive/texmf-dist/tex/latex/epstopdf-pkg/epstopdf-base.sty
Package: epstopdf-base 2020-01-24 v2.11 Base part for package epstopdf

(/usr/share/texlive/texmf-dist/tex/latex/grfext/grfext.sty
Package: grfext 2019/12/03 v1.3 Manage graphics extensions (HO)
)
Package epstopdf-base Info: Redefining graphics rule for `.eps' on input line 4
85.
Package grfext Info: Graphics extension search list:
(grfext)             [.pdf,.png,.jpg,.mps,.jpeg,.jbig2,.jb2,.PDF,.PNG,.JPG,.JPE
G,.JBIG2,.JB2,.eps]
(grfext)             \AppendGraphicsExtensions on input line 504.

(/usr/share/texlive/texmf-dist/tex/latex/latexconfig/epstopdf-sys.cfg
File: epstopdf-sys.cfg 2010/07/13 v1.3 Configuration of (r)epstopdf for TeX Liv
e
))
LaTeX Font Info:    Trying to load font information for U+lasy on input line 18
.

(/usr/share/texlive/texmf-dist/tex/latex/base/ulasy.fd
File: ulasy.fd 1998/08/17 v2.2e LaTeX symbol font definitions
)
LaTeX Font Info:    Trying to load font information for U+txsya on input line 1
8.

(/usr/share/texlive/texmf-dist/tex/latex/txfonts/utxsya.fd
File: utxsya.fd 2000/12/15 v3.1
)
LaTeX Font Info:    Trying to load font information for U+txsyb on input line 1
8.

(/usr/share/texlive/texmf-dist/tex/latex/txfonts/utxsyb.fd
File: utxsyb.fd 2000/12/15 v3.1
)
LaTeX Font Info:    Trying to load font information for U+rsfs on input line 18
.

(/usr/share/texlive/texmf-dist/tex/latex/jknapltx/ursfs.fd
File: ursfs.fd 1998/03/24 rsfs font definition file (jk)
)
LaTeX Font Info:    Trying to load font information for U+txmia on input line 1
8.

(/usr/share/texlive/texmf-dist/tex/latex/txfonts/utxmia.fd
File: utxmia.fd 2000/12/15 v3.1
)
LaTeX Font Info:    Trying to load font information for U+txsyc on input line 1
8.

(/usr/share/texlive/texmf-dist/tex/latex/txfonts/utxsyc.fd
File: utxsyc.fd 2000/12/15 v3.1
)
Package xypdf Info: Line width: 0.56pt on input line 18.
Package hyperref Info: Link coloring ON on input line 18.

(/usr/share/texlive/texmf-dist/tex/latex/hyperref/nameref.sty
Package: nameref 2021-04-02 v2.47 Cross-referencing by name of section

(/usr/share/texlive/texmf-dist/tex/latex/refcount/refcount.sty
Package: refcount 2019/12/15 v3.6 Data extraction from label references (HO)
)
(/usr/share/texlive/texmf-dist/tex/generic/gettitlestring/gettitlestring.sty
Package: gettitlestring 2019/12/15 v1.6 Cleanup title references (HO)
)
\c@section@level=\count364
)
LaTeX Info: Redefining \ref on input line 18.
LaTeX Info: Redefining \pageref on input line 18.
LaTeX Info: Redefining \nameref on input line 18.

(./BasicCategoryTheory.out) (./BasicCategoryTheory.out)
\@outlinefile=\write6
\openout6 = `BasicCategoryTheory.out'.

\openout2 = `cfnt.aux'.

 (./cfnt.tex
Chapter 1.
LaTeX Font Info:    Font shape `OT1/txr/b/n' in size <18> not available
(Font)              Font shape `OT1/txr/bx/n' tried instead on input line 9.
LaTeX Font Info:    Font shape `OT1/txr/b/n' in size <12> not available
(Font)              Font shape `OT1/txr/bx/n' tried instead on input line 62.
LaTeX Font Info:    Font shape `OT1/txr/b/n' in size <10> not available
(Font)              Font shape `OT1/txr/bx/n' tried instead on input line 67.
Package hyperref Info: bookmark level for unknown defn defaults to 0 on input l
ine 67.

Underfull \vbox (badness 10000) has occurred while \output is active []

 [1




{/var/lib/texmf/fonts/map/pdftex/updmap/pdftex.map}]
Package hyperref Info: bookmark level for unknown remarks defaults to 0 on inpu
t line 156.
 <xymatrix 2x1 94> [2] <xymatrix
3x2 231>

LaTeX Warning: Reference `ch:sets' on page 3 undefined on input line 260.

Package hyperref Info: bookmark level for unknown examples defaults to 0 on inp
ut line 279.
[3]
Package hyperref Info: bookmark level for unknown example defaults to 0 on inpu
t line 379.
 [4] <xymatrix 2x1 80> <xymatrix 3x2 149> <xymatrix 3x2 313> [5] <xymatrix
1x1 193>

LaTeX Warning: Reference `eg:mon-one-obj-eqv' on page 6 undefined on input line
 580.

[6]

LaTeX Warning: Reference `eg:mon-one-obj-eqv' on page 7 undefined on input line
 632.

[7]
Package hyperref Info: bookmark level for unknown constn defaults to 0 on input
 line 696.
Package hyperref Info: bookmark level for unknown remark defaults to 0 on input
 line 728.
LaTeX Font Info:    Font shape `OT1/txr/b/n' in size <10.95> not available
(Font)              Font shape `OT1/txr/bx/n' tried instead on input line 771.
Package hyperref Info: bookmark level for unknown question defaults to 0 on inp
ut line 775.
 [8] <xymatrix 2x1 94> [9] [10] [11]

LaTeX Warning: Reference `eg:gaft-free-alg' on page 12 undefined on input line 
1120.

[12]

LaTeX Warning: Reference `eq:scheme-1' on page 13 undefined on input line 1204.



LaTeX Warning: Reference `eq:scheme-2' on page 13 undefined on input line 1204.


[13] [14] [15]
Package hyperref Info: bookmark level for unknown warning defaults to 0 on inpu
t line 1533.
 [16] <xymatrix 3x2 56> <xymatrix 3x2 63> <xymatrix 3x1 102>
<xymatrix 3x2 149> [17] [18] <xymatrix 2x1 94> <xymatrix 4x1 18> <xymatrix 7x2
214> <xymatrix 2x1 94> [19] <xymatrix 2x1 94> <xymatrix 2x2 182> <xymatrix 2x1
20> [20] <xymatrix 2x1 20> <xymatrix 3x1 24> [21] <xymatrix 2x1 71> <xymatrix
2x1 20> <xymatrix 2x1 20> <xymatrix 2x1 94> <xymatrix 2x1 20> [22]
Package hyperref Info: bookmark level for unknown lemma defaults to 0 on input 
line 2174.
 <xymatrix
2x1 20>
Package hyperref Info: bookmark level for unknown pf defaults to 0 on input lin
e 2181.
 <xymatrix 2x1 94> <xymatrix 2x1 94> [23] <xymatrix 2x1 20> [24]
<xymatrix 2x1 100> [25]
Package hyperref Info: bookmark level for unknown propn defaults to 0 on input 
line 2405.
Package hyperref Info: bookmark level for unknown cor defaults to 0 on input li
ne 2433.
 [26]

LaTeX Warning: Reference `eg:mon-one-obj-eqv' on page 27 undefined on input lin
e 2491.

[27] <xymatrix 2x1 64> <xymatrix 3x1 34> <xymatrix 2x1 20> <xymatrix 2x2 182>
[28] <xymatrix 3x1 65> <xymatrix 2x1 20> <xymatrix 3x1 65> <xymatrix 2x1 20>
<xymatrix 3x1 136> [29] [30] [31]) [32]
\openout2 = `adj.aux'.

 (./adj.tex
Chapter 2.
<xymatrix 2x1 94> [33




] [34]
LaTeX Font Info:    Font shape `U/lasy/b/n' in size <7> not available
(Font)              Font shape `U/lasy/m/n' tried instead on input line 213.
LaTeX Font Info:    Font shape `U/lasy/b/n' in size <5> not available
(Font)              Font shape `U/lasy/m/n' tried instead on input line 213.
 <xymatrix 1x2 135>

LaTeX Warning: Reference `eg:univ-basis' on page 35 undefined on input line 241
.

[35] <xymatrix 1x2 135>

LaTeX Warning: Reference `ch:arl' on page 36 undefined on input line 309.

<xymatrix 1x2 135> [36] <xymatrix 2x2 144> <xymatrix 1x2 149>

LaTeX Warning: Reference `thm:gaft' on page 37 undefined on input line 381.

[37]

LaTeX Warning: Reference `eg:no-free-field' on page 38 undefined on input line 
412.

[38] <xymatrix 1x2 149> [39] <xymatrix 1x2 135>
<curry.pdf, id=484, 189.70876pt x 180.675pt>
File: curry.pdf Graphic file (type pdf)
<use curry.pdf>
Package pdftex.def Info: curry.pdf  used on input line 588.
(pdftex.def)             Requested size: 90.0pt x 85.71399pt.


LaTeX Font Warning: Font shape `U/lasy/m/n' in size <8.5> not available
(Font)              size <8> substituted on input line 594.


LaTeX Font Warning: Font shape `U/rsfs/m/n' in size <8.5> not available
(Font)              size <8> substituted on input line 594.


LaTeX Warning: Reference `eg:univ-Z' on page 40 undefined on input line 617.

[40 <./curry.pdf>] <xymatrix 3x1 196> <xymatrix 2x1 101> [41] <xymatrix 2x1
144>

LaTeX Warning: Reference `sec:adj-lim' on page 42 undefined on input line 748.

<xymatrix 2x1 144> [42] <xymatrix 2x1 144> [43] <xymatrix 2x2 144> <xymatrix
2x2 144> <xymatrix 2x2 144> <xymatrix 2x2 144>
Package hyperref Info: bookmark level for unknown pfoftheorem defaults to 0 on 
input line 967.
 <xymatrix 2x1 144> [44]
Package hyperref Info: bookmark level for unknown thm defaults to 0 on input li
ne 1019.

<xymatrix 2x1 94> <xymatrix 3x2 281> [45] <xymatrix 2x1 94> <xymatrix 2x1 94>
<xymatrix 2x1 94> <xymatrix 2x1 100> [46] <xymatrix 5x3 298> [47] <xymatrix
1x2 44> <xymatrix 3x2 104> <xymatrix 3x2 104> <xymatrix 4x4 189> <xymatrix 1x5
56> <xymatrix 4x4 189> <xymatrix 1x5 56>
Overfull \hbox (0.13449pt too wide) detected at line 1349
 [] \OT1/txr/m/n/10 = [] [] [] = []
 []

<xymatrix 2x1 94> [48] <xymatrix 2x1 144> <xymatrix 2x1 144> <xymatrix 2x1
144> [49] <xymatrix 1x2 135> <xymatrix 2x2 144>

LaTeX Warning: Reference `eg:univ-basis' on page 50 undefined on input line 152
3.

<xymatrix 2x2 100> [50] <xymatrix 2x2 182> <xymatrix 2x2 212> <xymatrix 3x2
145> <xymatrix 2x2 100> [51] <xymatrix 2x2 103> <xymatrix 2x2 144> <xymatrix
2x1 144> <xymatrix 2x2 144> [52] <xymatrix 2x1 94> <xymatrix 2x2 144> [53]
<xymatrix 2x3 234> <xymatrix 2x3 326> <xymatrix 2x2 144> <xymatrix 2x3 152>
<xymatrix 2x3 326>

LaTeX Warning: Reference `sec:adj-lim' on page 54 undefined on input line 1851.


[54] <xymatrix 3x3 211> <xymatrix 2x1 144> [55]) [56]
\openout2 = `rep.aux'.

 (./rep.tex
Chapter 3.

LaTeX Warning: Reference `sec:Set-properties' on page 57 undefined on input lin
e 58.

[57




] [58]

LaTeX Warning: Reference `defn:Cat' on page 59 undefined on input line 204.

[59]

LaTeX Warning: Reference `lemma:tensor-unique' on page 60 undefined on input li
ne 284.

<xymatrix 2x1 144> <xymatrix 2x2 168> <xymatrix 2x2 154> [60]

LaTeX Warning: Reference `ex:cdoi' on page 61 undefined on input line 370.


LaTeX Warning: Reference `ex:Zx' on page 61 undefined on input line 417.

[61] <xymatrix 2x1 20> [62]

LaTeX Warning: Reference `sec:Set-properties' on page 63 undefined on input lin
e 566.

<xymatrix 2x1 20> [63] <xymatrix 3x2 192> [64] <xymatrix 2x1 94> <xymatrix 2x2
188> [65] [66]

LaTeX Warning: Reference `ex:Zx' on page 67 undefined on input line 909.


LaTeX Warning: Reference `part:Zx-main' on page 67 undefined on input line 909.


<xymatrix 2x1 94> [67] <xymatrix 2x1 20> [68] <xymatrix 3x2 198> [69]
<xymatrix 2x1 100> <xymatrix 2x2 182> <xymatrix 2x2 154> [70] <xymatrix 2x2
182> <xymatrix 2x2 182> [71] <xymatrix 2x2 154> <xymatrix 2x1 20> <xymatrix
2x2 182> <xymatrix 2x2 154> [72]
Package hyperref Info: bookmark level for unknown notn defaults to 0 on input l
ine 1388.
 [73] <xymatrix 2x2 144> [74] <xymatrix 2x1
144> [75]
<embedding.pdf, id=916, 191.71625pt x 187.70125pt>
File: embedding.pdf Graphic file (type pdf)
<use embedding.pdf>
Package pdftex.def Info: embedding.pdf  used on input line 1690.
(pdftex.def)             Requested size: 74.45894pt x 72.90024pt.
 [76]

LaTeX Warning: Reference `sec:lim-pshf' on page 77 undefined on input line 1765
.

[77 <./embedding.pdf>]
<view.pdf, id=954, 98.3675pt x 98.3675pt>
File: view.pdf Graphic file (type pdf)
<use view.pdf>
Package pdftex.def Info: view.pdf  used on input line 1820.
(pdftex.def)             Requested size: 97.20032pt x 97.19948pt.
 [78 <./view.pdf>] [79]) [80] (./BasicCategoryTheory.ind
Index.

Package hyperref Warning: bookmark level for unknown schapter defaults to 0.

[81





] [82] [83] [84] [85] [86])
\tf@thm=\write7
\openout7 = `BasicCategoryTheory.thm'.

 (./BasicCategoryTheory.aux (./cfnt.aux)
(./adj.aux) (./rep.aux))

LaTeX Font Warning: Size substitutions with differences
(Font)              up to 0.5pt have occurred.


LaTeX Warning: There were undefined references.


LaTeX Warning: Label(s) may have changed. Rerun to get cross-references right.

Package rerunfilecheck Info: File `BasicCategoryTheory.out' has not changed.
(rerunfilecheck)             Checksum: 4E0E48AD7F982EEA68D9538A68F05B75;2101.
 ) 
Here is how much of TeX's memory you used:
 15825 strings out of 478287
 228582 string characters out of 5849289
 596364 words of memory out of 5000000
 33174 multiletter control sequences out of 15000+600000
 544852 words of font info for 211 fonts, out of 8000000 for 9000
 1146 hyphenation exceptions out of 8191
 65i,28n,66p,3278b,1055s stack positions out of 5000i,500n,10000p,200000b,80000s
pdfTeX warning (dest): name{page.94} has been referenced but does not exist, 
replaced by a fixed one

pdfTeX warning (dest): name{page.93} has been referenced but does not exist, re
placed by a fixed one

pdfTeX warning (dest): name{page.107} has been referenced but does not exist, r
eplaced by a fixed one

pdfTeX warning (dest): name{page.109} has been referenced but does not exist, r
eplaced by a fixed one

pdfTeX warning (dest): name{page.108} has been referenced but does not exist, r
eplaced by a fixed one

pdfTeX warning (dest): name{page.170} has been referenced but does not exist, r
eplaced by a fixed one

pdfTeX warning (dest): name{page.167} has been referenced but does not exist, r
eplaced by a fixed one

pdfTeX warning (dest): name{page.161} has been referenced but does not exist, r
eplaced by a fixed one

pdfTeX warning (dest): name{page.137} has been referenced but does not exist, r
eplaced by a fixed one

pdfTeX warning (dest): name{page.125} has been referenced but does not exist, r
eplaced by a fixed one

pdfTeX warning (dest): name{page.122} has been referenced but does not exist, r
eplaced by a fixed one

pdfTeX warning (dest): name{page.144} has been referenced but does not exist, r
eplaced by a fixed one

pdfTeX warning (dest): name{page.151} has been referenced but does not exist, r
eplaced by a fixed one

pdfTeX warning (dest): name{page.145} has been referenced but does not exist, r
eplaced by a fixed one

pdfTeX warning (dest): name{page.162} has been referenced but does not exist, r
eplaced by a fixed one

pdfTeX warning (dest): name{page.128} has been referenced but does not exist, r
eplaced by a fixed one

pdfTeX warning (dest): name{page.120} has been referenced but does not exist, r
eplaced by a fixed one

pdfTeX warning (dest): name{page.141} has been referenced but does not exist, r
eplaced by a fixed one

pdfTeX warning (dest): name{page.131} has been referenced but does not exist, r
eplaced by a fixed one

pdfTeX warning (dest): name{page.114} has been referenced but does not exist, r
eplaced by a fixed one

pdfTeX warning (dest): name{page.138} has been referenced but does not exist, r
eplaced by a fixed one

pdfTeX warning (dest): name{page.130} has been referenced but does not exist, r
eplaced by a fixed one

pdfTeX warning (dest): name{page.110} has been referenced but does not exist, r
eplaced by a fixed one

pdfTeX warning (dest): name{page.158} has been referenced but does not exist, r
eplaced by a fixed one

pdfTeX warning (dest): name{page.146} has been referenced but does not exist, r
eplaced by a fixed one

pdfTeX warning (dest): name{page.153} has been referenced but does not exist, r
eplaced by a fixed one

pdfTeX warning (dest): name{page.89} has been referenced but does not exist, re
placed by a fixed one

pdfTeX warning (dest): name{page.103} has been referenced but does not exist, r
eplaced by a fixed one

pdfTeX warning (dest): name{page.154} has been referenced but does not exist, r
eplaced by a fixed one

pdfTeX warning (dest): name{page.115} has been referenced but does not exist, r
eplaced by a fixed one

pdfTeX warning (dest): name{page.149} has been referenced but does not exist, r
eplaced by a fixed one

pdfTeX warning (dest): name{page.95} has been referenced but does not exist, re
placed by a fixed one

pdfTeX warning (dest): name{page.135} has been referenced but does not exist, r
eplaced by a fixed one

pdfTeX warning (dest): name{page.113} has been referenced but does not exist, r
eplaced by a fixed one

pdfTeX warning (dest): name{page.124} has been referenced but does not exist, r
eplaced by a fixed one

pdfTeX warning (dest): name{page.134} has been referenced but does not exist, r
eplaced by a fixed one

pdfTeX warning (dest): name{page.102} has been referenced but does not exist, r
eplaced by a fixed one

pdfTeX warning (dest): name{page.99} has been referenced but does not exist, re
placed by a fixed one

pdfTeX warning (dest): name{page.123} has been referenced but does not exist, r
eplaced by a fixed one

pdfTeX warning (dest): name{page.117} has been referenced but does not exist, r
eplaced by a fixed one

pdfTeX warning (dest): name{page.105} has been referenced but does not exist, r
eplaced by a fixed one

pdfTeX warning (dest): name{page.104} has been referenced but does not exist, r
eplaced by a fixed one

pdfTeX warning (dest): name{page.132} has been referenced but does not exist, r
eplaced by a fixed one

pdfTeX warning (dest): name{page.140} has been referenced but does not exist, r
eplaced by a fixed one

pdfTeX warning (dest): name{page.139} has been referenced but does not exist, r
eplaced by a fixed one

pdfTeX warning (dest): name{page.127} has been referenced but does not exist, r
eplaced by a fixed one

pdfTeX warning (dest): name{page.90} has been referenced but does not exist, re
placed by a fixed one

pdfTeX warning (dest): name{page.147} has been referenced but does not exist, r
eplaced by a fixed one

pdfTeX warning (dest): name{page.143} has been referenced but does not exist, r
eplaced by a fixed one

pdfTeX warning (dest): name{page.119} has been referenced but does not exist, r
eplaced by a fixed one

pdfTeX warning (dest): name{page.111} has been referenced but does not exist, r
eplaced by a fixed one

pdfTeX warning (dest): name{page.172} has been referenced but does not exist, r
eplaced by a fixed one

pdfTeX warning (dest): name{page.148} has been referenced but does not exist, r
eplaced by a fixed one

pdfTeX warning (dest): name{page.129} has been referenced but does not exist, r
eplaced by a fixed one

pdfTeX warning (dest): name{page.126} has been referenced but does not exist, r
eplaced by a fixed one

pdfTeX warning (dest): name{page.118} has been referenced but does not exist, r
eplaced by a fixed one

pdfTeX warning (dest): name{page.121} has been referenced but does not exist, r
eplaced by a fixed one

pdfTeX warning (dest): name{page.157} has been referenced but does not exist, r
eplaced by a fixed one

pdfTeX warning (dest): name{page.155} has been referenced but does not exist, r
eplaced by a fixed one

pdfTeX warning (dest): name{page.168} has been referenced but does not exist, r
eplaced by a fixed one

pdfTeX warning (dest): name{page.133} has been referenced but does not exist, r
eplaced by a fixed one

pdfTeX warning (dest): name{page.136} has been referenced but does not exist, r
eplaced by a fixed one

pdfTeX warning (dest): name{page.152} has been referenced but does not exist, r
eplaced by a fixed one

pdfTeX warning (dest): name{page.169} has been referenced but does not exist, r
eplaced by a fixed one

pdfTeX warning (dest): name{page.166} has been referenced but does not exist, r
eplaced by a fixed one

pdfTeX warning (dest): name{page.112} has been referenced but does not exist, r
eplaced by a fixed one

pdfTeX warning (dest): name{page.92} has been referenced but does not exist, re
placed by a fixed one

pdfTeX warning (dest): name{page.87} has been referenced but does not exist, re
placed by a fixed one

pdfTeX warning (dest): name{page.106} has been referenced but does not exist, r
eplaced by a fixed one

pdfTeX warning (dest): name{page.91} has been referenced but does not exist, re
placed by a fixed one

pdfTeX warning (dest): name{page.159} has been referenced but does not exist, r
eplaced by a fixed one

pdfTeX warning (dest): name{page.101} has been referenced but does not exist, r
eplaced by a fixed one

pdfTeX warning (dest): name{page.100} has been referenced but does not exist, r
eplaced by a fixed one

pdfTeX warning (dest): name{page.164} has been referenced but does not exist, r
eplaced by a fixed one

pdfTeX warning (dest): name{page.173} has been referenced but does not exist, r
eplaced by a fixed one

pdfTeX warning (dest): name{page.171} has been referenced but does not exist, r
eplaced by a fixed one

pdfTeX warning (dest): name{page.163} has been referenced but does not exist, r
eplaced by a fixed one

pdfTeX warning (dest): name{page.165} has been referenced but does not exist, r
eplaced by a fixed one

pdfTeX warning (dest): name{page.160} has been referenced but does not exist, r
eplaced by a fixed one

{/usr/share/texlive/texmf-dist/fonts/enc/dvips/base/8r.enc}</usr/share/texlive/
texmf-dist/fonts/type1/public/rsfs/rsfs10.pfb></usr/share/texlive/texmf-dist/fo
nts/type1/public/rsfs/rsfs5.pfb></usr/share/texlive/texmf-dist/fonts/type1/publ
ic/rsfs/rsfs7.pfb></usr/share/texlive/texmf-dist/fonts/type1/public/txfonts/rtx
mi.pfb></usr/share/texlive/texmf-dist/fonts/type1/public/txfonts/rtxr.pfb></usr
/share/texlive/texmf-dist/fonts/type1/public/txfonts/txbsy.pfb></usr/share/texl
ive/texmf-dist/fonts/type1/public/txfonts/txex.pfb></usr/share/texlive/texmf-di
st/fonts/type1/public/txfonts/txsy.pfb></usr/share/texlive/texmf-dist/fonts/typ
e1/public/txfonts/txsya.pfb></usr/share/texlive/texmf-dist/fonts/type1/public/t
xfonts/txsyb.pfb></usr/share/texlive/texmf-dist/fonts/type1/public/txfonts/txsy
c.pfb></usr/share/texlive/texmf-dist/fonts/type1/urw/times/utmb8a.pfb></usr/sha
re/texlive/texmf-dist/fonts/type1/urw/times/utmr8a.pfb></usr/share/texlive/texm
f-dist/fonts/type1/urw/times/utmri8a.pfb></usr/share/texlive/texmf-dist/fonts/t
ype1/public/xypic/xyatip10.pfb></usr/share/texlive/texmf-dist/fonts/type1/publi
c/xypic/xybtip10.pfb></usr/share/texlive/texmf-dist/fonts/type1/public/xypic/xy
cmat10.pfb></usr/share/texlive/texmf-dist/fonts/type1/public/xypic/xycmbt10.pfb
></usr/share/texlive/texmf-dist/fonts/type1/public/xypic/xydash10.pfb>
Output written on BasicCategoryTheory.pdf (86 pages, 428644 bytes).
PDF statistics:
 2104 PDF objects out of 2487 (max. 8388607)
 1955 compressed objects within 20 object streams
 498 named destinations out of 1000 (max. 500000)
 120 words of extra memory for PDF output out of 10000 (max. 10000000)

